0 1.7403147
1 1.6485062
0
0 2.6167123
1 1.7861089
0
0 2.0932415
1 2.314859
1
0 1.7224712
1 3.0757473
1
0 1.1823529
1 2.387013
1
0 2.4160452
1 2.6128836
1
0 2.892316
1 0.572271
0
0 4.1677427
1 2.2091322
0
0 4.1542816
1 1.987501
0
0 3.602648
1 2.388508
0
0 3.490954
1 2.2258503
0
0 3.4810336
1 2.1617455
0
0 1.8916895
1 1.6132768
0
0 3.3830407
1 2.0613794
0
0 3.3099542
1 2.157363
0
0 3.4971812
1 2.0464435
0
0 3.3383725
1 1.9503173
0
0 3.4465048
1 2.2245033
0
0 3.4034553
1 2.2119951
0
0 3.3312001
1 2.231846
0
0 3.3461924
1 2.1421235
0
0 3.3923361
1 2.0950472
0
0 3.398529
1 1.4308833
0
0 3.1381493
1 1.4782473
0
0 3.3987522
1 1.3369712
0
0 3.2308135
1 1.2837259
0
0 3.3065035
1 1.148855
0
0 3.3566527
1 1.2443005
0
0 3.440015
1 1.3685889
0
0 3.2575355
1 1.394308
0
0 3.6528554
1 1.3989476
0
0 0.9717317
1 1.3570154
1
0 1.0290978
1 1.3429251
1
0 1.1877303
1 1.2531412
1
0 2.1789742
1 1.6309087
0
0 2.393436
1 1.3849218
0
0 2.4267633
1 1.305647
0
0 2.3759627
1 1.5950868
0
0 2.896778
1 1.4727281
0
0 3.256717
1 2.2296524
0
0 7.5463815
1 2.4005206
0
0 7.2617474
1 2.1152241
0
0 5.327413
1 2.203969
0
0 0.15904835
1 0.054493215
0
0 0.16163166
1 0.067070715
0
0 0.14995274
1 0.06375098
0
0 3.9626138
1 2.8541868
0
0 4.0895886
1 2.1368353
0
0 3.8828669
1 2.5727308
0
0 2.8778405
1 2.2817292
0
0 2.4819715
1 2.159506
0
0 2.4449747
1 2.4176269
0
0 0.12644821
1 0.061498776
0
0 0.13812512
1 0.06862726
0
0 0.12666056
1 0.06447713
0
0 0.1283921
1 0.070779555
0
0 7.105189
1 2.2000654
0
0 6.343095
1 1.7148459
0
0 6.721604
1 1.6008012
0
0 6.9568534
1 1.5726539
0
0 5.3864474
1 0.84004086
0
0 5.946549
1 1.07964
0
0 2.6325498
1 0.6850392
0
0 0.18570367
1 0.060616706
0
0 4.6316566
1 1.2283871
0
0 5.013067
1 1.3543957
0
0 4.636928
1 1.7526734
0
0 4.5979643
1 1.4376166
0
0 6.1479497
1 1.3278555
0
0 4.7019978
1 1.3016338
0
0 5.042569
1 1.5197537
0
0 0.86430544
1 0.12340779
0
0 0.10600502
1 0.063036785
0
0 3.0424063
1 2.268061
0
0 5.1162972
1 2.7024999
0
0 5.6092196
1 2.7572937
0
0 6.058693
1 2.298704
0
0 4.478854
1 1.1375525
0
0 3.3295312
1 2.3333886
0
0 5.8641634
1 1.5395218
0
0 5.745614
1 1.7883084
0
0 5.7429066
1 1.6514889
0
0 5.7826085
1 1.337954
0
0 5.6536922
1 1.6053935
0
0 0.13579649
1 0.05831639
0
0 5.765095
1 0.58043534
0
0 6.701567
1 1.1077992
0
0 6.5303736
1 0.9771
0
0 6.506385
1 1.3904139
0
0 0.13092323
1 0.057604704
0
0 2.3694339
1 1.638416
0
0 4.5515633
1 2.369172
0
0 4.464608
1 2.4627676
0
0 3.725981
1 2.1343045
0
0 0.04126318
1 0.06258837
1
0 0.14711544
1 0.07536781
0
0 4.9781547
1 1.0422187
0
0 4.25149
1 1.3150324
0
0 5.7436213
1 0.6908853
0
0 3.0173204
1 2.2863016
0
0 2.905834
1 1.7706248
0
0 5.4091043
1 1.6893845
0
0 5.87198
1 1.5399467
0
0 6.13958
1 1.6441389
0
0 6.0418577
1 2.028503
0
0 0.15842852
1 0.0671923
0
0 2.5746977
1 2.5264752
0
0 6.75178
1 2.458169
0
0 5.77083
1 2.2134924
0
0 5.7096334
1 2.404793
0
0 5.952601
1 2.4807255
0
0 5.7488785
1 2.2988594
0
0 3.456028
1 2.669976
0
0 8.027524
1 1.9134691
0
0 6.5012255
1 1.8762937
0
0 6.2671423
1 1.6544616
0
0 6.8938265
1 1.5887113
0
0 7.1829076
1 1.7911988
0
0 7.3169127
1 1.7682153
0
0 6.159369
1 1.7626464
0
0 6.272781
1 1.8717234
0
0 0.13286753
1 0.07030484
0
0 3.9252007
1 2.55682
0
0 6.7315893
1 1.5729753
0
0 6.7983465
1 1.392777
0
0 6.2447224
1 1.20481
0
0 2.1841927
1 0.6670818
0
0 3.8517704
1 2.3770132
0
0 3.3202095
1 2.17426
0
0 5.9642496
1 0.9357442
0
0 5.371623
1 1.2814528
0
0 5.796512
1 1.1963755
0
0 5.535707
1 1.3732166
0
0 2.9787517
1 0.6068363
0
0 0.1620603
1 0.05545702
0
0 0.13720077
1 0.06079251
0
0 4.2124677
1 2.6597862
0
0 7.0465894
1 1.5503523
0
0 7.268079
1 1.6977112
0
0 5.9385266
1 1.290562
0
0 5.681991
1 1.500434
0
0 5.6463985
1 1.5347193
0
0 6.144187
1 1.323759
0
0 6.948468
1 1.4950747
0
0 3.8121097
1 0.6239829
0
0 2.6021879
1 2.79065
1
0 3.5612705
1 2.4506605
0
0 4.7165055
1 0.9604008
0
0 5.3531504
1 1.2038814
0
0 5.0477195
1 1.805258
0
0 7.1509686
1 1.8102453
0
0 4.328506
1 1.4271333
0
0 2.3863564
1 0.7208159
0
0 1.8897836
1 0.9783074
0
0 1.637559
1 1.1330628
0
0 0.09588718
1 0.07259127
0
0 6.8000293
1 1.3839976
0
0 7.2393074
1 1.7442758
0
0 7.0932093
1 1.5756491
0
0 0.5277202
1 0.37358728
0
0 0.13126436
1 0.064650774
0
0 4.06378
1 1.453234
0
0 2.8019805
1 0.8878848
0
0 6.777888
1 1.2507516
0
0 7.3050485
1 1.094201
0
0 7.06117
1 1.1775728
0
0 7.6614866
1 1.3158779
0
0 6.377935
1 0.614057
0
0 7.599834
1 1.0290843
0
0 6.975272
1 0.769097
0
0 0.11477616
1 0.07183283
0
0 3.0607686
1 1.7337297
0
0 3.788954
1 1.5099031
0
0 3.906854
1 1.6916019
0
0 3.6705573
1 1.6494218
0
0 0.12853016
1 0.06301622
0
0 0.12569803
1 0.06683024
0
0 0.121442
1 0.07083985
0
0 3.5450447
1 2.0787363
0
0 3.8857677
1 2.0762074
0
0 7.1307006
1 1.5566068
0
0 5.5007324
1 1.3122923
0
0 7.1875353
1 1.5535532
0
0 6.625916
1 1.1463293
0
0 5.74106
1 1.0694702
0
0 6.779497
1 1.2097386
0
0 4.7927184
1 0.5896689
0
0 0.12349385
1 0.06747039
0
0 0.16078368
1 0.05785387
0
0 2.6557086
1 1.8966309
0
0 2.7185273
1 2.1343987
0
0 3.1570766
1 2.330025
0
0 3.0858216
1 2.0096557
0
0 7.971026
1 1.7911607
0
0 6.789927
1 1.3509802
0
0 7.4210997
1 1.4714552
0
0 7.525036
1 1.0835954
0
0 3.0576503
1 2.0718207
0
0 1.8490485
1 1.2624469
0
0 1.4882728
1 1.4700751
0
0 0.15118755
1 0.062584534
0
0 0.12513766
1 0.06372764
0
0 6.8511734
1 1.9180464
0
0 3.1227098
1 2.5429313
0
0 6.791769
1 1.3079287
0
0 6.3699064
1 1.1464255
0
0 6.508179
1 1.2174246
0
0 6.232117
1 1.2545015
0
0 0.38966048
1 0.4250457
1
0 3.5043027
1 1.9472775
0
0 2.5903687
1 1.7171366
0
0 1.8556105
1 2.0477154
1
0 2.0019834
1 1.486337
0
0 1.5891004
1 1.3649346
0
0 0.16043752
1 0.06547232
0
0 0.119518586
1 0.060070403
0
0 0.13562611
1 0.06349267
0
0 0.13198209
1 0.06428278
0
0 0.12648244
1 0.059944313
0
0 0.18129483
1 0.06400219
0
0 4.4563274
1 0.82402575
0
0 4.009991
1 1.0100967
0
0 5.048744
1 0.9772026
0
0 1.9259988
1 0.82329744
0
0 4.1426935
1 0.7368945
0
0 2.517224
1 2.0850616
0
0 3.2620184
1 3.0833404
0
0 2.6769207
1 1.3665822
0
0 2.8341665
1 2.4595685
0
0 3.4414947
1 0.88673276
0
0 5.1502514
1 1.3242359
0
0 3.9822667
1 0.93632764
0
0 4.5717745
1 1.0272498
0
0 3.985828
1 0.84415513
0
0 4.733031
1 0.81513315
0
0 5.026294
1 2.327891
0
0 3.3320055
1 2.0246906
0
0 3.526816
1 1.9129398
0
0 3.7208028
1 2.055678
0
0 0.14394633
1 0.0585065
0
0 3.5820384
1 2.182006
0
0 3.6684387
1 2.0711582
0
0 7.7074876
1 2.4944978
0
0 6.420802
1 2.157778
0
0 7.7235074
1 2.1322408
0
0 6.320847
1 1.997885
0
0 6.000634
1 1.9196877
0
0 8.478487
1 2.0074072
0
0 7.2928953
1 1.9700196
0
0 5.1006174
1 0.78492796
0
0 1.6653932
1 2.3478134
1
0 1.2378132
1 2.525267
1
0 1.9483045
1 2.0824018
1
0 1.6714795
1 2.5435512
1
0 1.4918779
1 2.831497
1
0 4.1444507
1 4.0025725
0
0 0.806544
1 1.9616128
1
0 0.73417115
1 1.9648795
1
0 3.1963172
1 2.8934047
0
0 1.677787
1 3.397364
1
0 2.166902
1 3.9214246
1
0 2.4709475
1 2.5388563
1
0 1.0100543
1 1.921092
1
0 2.0897484
1 1.3319424
0
0 2.1639671
1 1.3278631
0
0 1.3710093
1 1.8119998
1
0 1.6656951
1 2.1837437
1
0 0.9857372
1 1.8564534
1
0 1.0645744
1 1.5005208
1
0 0.95047855
1 1.5215961
1
0 1.1110468
1 1.2410136
1
0 1.1184382
1 1.6160611
1
0 2.6819673
1 3.3906534
1
0 3.3119042
1 1.6792296
0
0 2.4322093
1 2.130042
0
0 2.4810362
1 2.6314237
1
0 1.9496722
1 2.8674548
1
0 2.9184825
1 2.5492697
0
0 2.6636186
1 3.6196942
1
0 2.3839116
1 4.1794734
1
0 2.0935872
1 4.6545553
1
0 0.9836422
1 0.85911566
0
0 1.0059807
1 1.4609319
1
0 0.68341076
1 1.2647692
1
0 0.90511227
1 2.083606
1
0 0.61261433
1 2.227362
1
0 0.9175413
1 1.6536423
1
0 0.71912664
1 1.6873258
1
0 0.946224
1 2.0488532
1
0 0.9952379
1 1.2283564
1
0 0.11829223
1 1.2258049
1
0 0.10771154
1 1.238744
1
0 0.11545156
1 1.2467576
1
0 0.13652685
1 1.2614129
1
0 2.953088
1 4.0332127
1
0 2.9210286
1 4.198241
1
0 2.3579233
1 4.868128
1
0 0.12876447
1 1.1839992
1
0 0.11879377
1 1.2487735
1
0 0.1148846
1 1.1793218
1
0 0.123218745
1 1.2058568
1
0 3.299368
1 3.2796123
0
0 2.2780855
1 3.7239563
1
0 2.232614
1 4.053032
1
0 2.1077533
1 3.5753093
1
0 2.3087094
1 2.7803972
1
0 0.14025925
1 1.0492852
1
0 0.106225066
1 1.0398077
1
0 0.1316046
1 1.0584025
1
0 0.1102979
1 1.0260094
1
0 0.111491546
1 1.023514
1
0 0.09852417
1 1.0234216
1
0 2.0429556
1 3.6545243
1
0 1.865491
1 3.0985792
1
0 1.9009876
1 2.9091582
1
0 2.1666162
1 3.0382059
1
0 2.2666202
1 3.1660364
1
0 2.3327746
1 3.1921918
1
0 0.12582575
1 1.1186578
1
0 0.12618902
1 1.1196284
1
0 0.10818765
1 1.1293136
1
0 0.11403814
1 1.0850589
1
0 4.7486835
1 1.6075612
0
0 1.8903921
1 2.67088
1
0 2.647276
1 3.5789049
1
0 2.3835223
1 3.0552464
1
0 2.4592712
1 3.0880272
1
0 0.10106002
1 1.1238673
1
0 0.1294162
1 1.1355466
1
0 0.109814815
1 1.1423682
1
0 1.863172
1 2.733515
1
0 1.9883606
1 4.144968
1
0 2.2292583
1 3.6494608
1
0 2.0748467
1 3.5661461
1
0 2.4994473
1 3.562956
1
0 2.4374611
1 3.9119377
1
0 2.3833544
1 3.9766896
1
0 2.3328671
1 3.8536856
1
0 0.11249822
1 1.1317228
1
0 0.121257514
1 1.1224633
1
0 0.13252826
1 1.1324204
1
0 6.289748
1 2.0582771
0
0 1.5695689
1 2.6956875
1
0 2.1847408
1 3.1580803
1
0 2.017552
1 3.103913
1
0 1.9197184
1 3.0280976
1
0 2.3400242
1 2.938688
1
0 1.7735407
1 2.8657172
1
0 1.8989562
1 3.2025836
1
0 2.284778
1 3.085723
1
0 2.7178907
1 2.8270113
1
0 2.964602
1 2.7173085
0
0 0.11115486
1 1.0562323
1
0 0.09190065
1 1.1130553
1
0 0.07453358
1 1.0347652
1
0 0.11052973
1 1.0918993
1
0 1.7004198
1 3.2759016
1
0 2.5819254
1 3.4022918
1
0 2.1564693
1 3.515979
1
0 0.09416497
1 1.1405606
1
0 0.12857775
1 1.1132091
1
0 0.11637317
1 1.107778
1
0 0.11449771
1 1.1510309
1
0 0.093860544
1 1.1423451
1
0 0.12630099
1 1.1230984
1
0 4.6010103
1 2.452363
0
0 3.0063798
1 2.0662565
0
0 3.8204498
1 2.5194473
0
0 4.1638613
1 2.3164861
0
0 3.064168
1 2.1364338
0
0 2.2347972
1 3.6448717
1
0 2.190236
1 2.1752977
0
0 1.5724548
1 2.8635027
1
0 2.3487165
1 2.5489917
1
0 1.962227
1 2.9516275
1
0 1.6929011
1 3.4884593
1
0 2.0393932
1 2.8870559
1
0 2.0288682
1 2.785048
1
0 1.9753335
1 2.6607316
1
0 2.3566198
1 3.711881
1
0 2.3676732
1 3.4609215
1
0 2.382351
1 3.4256046
1
0 2.1220362
1 2.4816368
1
0 2.0209923
1 2.6448462
1
0 0.109918036
1 1.1147438
1
0 1.9476868
1 2.999238
1
0 0.87293804
1 3.6304379
1
0 1.6406468
1 3.9841044
1
0 0.11227114
1 1.1246192
1
0 0.13249198
1 1.1029646
1
0 0.11061741
1 1.1588151
1
0 3.9471452
1 2.5336783
0
0 0.101264544
1 1.1098996
1
0 1.9133148
1 3.8986661
1
0 2.1629608
1 3.815017
1
0 2.0922115
1 3.1933794
1
0 2.7378376
1 3.3618574
1
0 3.172002
1 3.1487179
0
0 1.8656057
1 2.666796
1
0 2.7824638
1 1.7201579
0
0 0.12729287
1 1.0858519
1
0 0.11865631
1 1.1220807
1
0 0.09098884
1 1.0447475
1
0 0.13163413
1 1.1137879
1
0 0.07989289
1 1.115124
1
0 0.38484877
1 1.3103144
1
0 1.9715216
1 3.1972501
1
0 1.9209727
1 3.7078767
1
0 2.4578073
1 2.4369872
0
0 2.4564424
1 2.9189181
1
0 2.6526792
1 3.217394
1
0 2.5854838
1 3.8114603
1
0 2.683155
1 3.5452864
1
0 2.5021918
1 3.16117
1
0 0.6487212
1 2.3993134
1
0 0.88483185
1 1.700959
1
0 1.4885443
1 2.760748
1
0 0.8212193
1 2.4221346
1
0 0.6551296
1 1.6106591
1
0 0.09313398
1 1.0981207
1
0 0.08818306
1 1.0956262
1
0 0.08369405
1 1.1187197
1
0 0.0999524
1 1.1350675
1
0 0.0974018
1 1.0768657
1
0 0.11893067
1 1.1380831
1
0 0.13468431
1 1.1302644
1
0 0.12714201
1 1.1285115
1
0 0.12452284
1 1.1154687
1
0 2.5752354
1 4.273819
1
0 2.3753016
1 3.7927577
1
0 2.8867755
1 3.3342228
1
0 2.5863876
1 3.6543362
1
0 0.4386581
1 2.4928768
1
0 1.5313452
1 2.6310616
1
0 2.4448507
1 3.2145748
1
0 2.2456486
1 2.3450162
1
0 2.4275808
1 2.7734022
1
0 1.777687
1 3.1234612
1
0 2.9982402
1 3.6779132
1
0 0.11566977
1 1.1141622
1
0 0.11507561
1 1.1132079
1
0 0.12292653
1 1.1363254
1
0 0.09592513
1 1.1318735
1
0 0.08531297
1 1.0953572
1
0 0.11984167
1 1.1339824
1
0 2.2145324
1 2.989008
1
0 2.569118
1 3.5900688
1
0 2.5966117
1 3.215076
1
0 2.4839423
1 4.888695
1
0 2.4343874
1 2.6607213
1
0 0.118986614
1 1.0993754
1
0 0.090968475
1 1.067068
1
0 0.12921198
1 1.1364532
1
0 0.10430324
1 1.1062015
1
0 0.12686448
1 1.123142
1
0 2.148335
1 4.2034683
1
0 2.5926697
1 4.7742243
1
0 3.4363818
1 3.7000842
1
0 3.4071453
1 3.9582899
1
0 0.1280404
1 1.0869905
1
0 0.12751967
1 1.0916166
1
0 3.196064
1 3.0010643
0
0 2.1988897
1 2.6217842
1
0 2.3709087
1 2.5825696
1
0 1.803045
1 3.2662985
1
0 1.8717175
1 3.041773
1
0 2.1984556
1 1.546463
0
0 2.3463495
1 1.4592495
0
0 1.9238695
1 3.218971
1
0 2.3151114
1 2.2921154
0
0 2.213112
1 2.0163825
0
0 1.9140757
1 2.7479796
1
0 0.09486136
1 1.0599356
1
0 0.12750782
1 1.0811337
1
0 0.12309245
1 0.9950805
1
0 0.13921912
1 0.9480364
1
0 0.13919804
1 0.9773503
1
0 0.14566101
1 0.99139017
1
0 0.16033883
1 1.0429858
1
0 0.14436309
1 0.98873436
1
0 0.15410921
1 1.0286673
1
0 0.12342344
1 1.0029205
1
0 2.4191055
1 3.4208093
1
0 2.3409967
1 3.2994714
1
0 2.2668712
1 2.6028862
1
0 2.2076874
1 3.0938463
1
0 2.7243679
1 3.1042888
1
0 3.963251
1 1.815275
0
0 3.2989671
1 2.2662802
0
0 0.09941588
1 1.0042056
1
0 0.1419195
1 1.673826
1
0 0.14102292
1 1.0383638
1
0 2.5329645
1 3.239652
1
0 2.4731042
1 2.7687855
1
0 2.6871514
1 2.852616
1
0 2.382447
1 3.405973
1
0 0.15055525
1 1.1796458
1
0 0.11154985
1 1.1903006
1
0 2.3075013
1 2.5646234
1
0 2.18654
1 1.962051
0
