[0.5227813124656677, 0.4772186875343323]
0
[0.9339825510978699, 0.06601742655038834]
0
[0.9941406846046448, 0.005859321914613247]
0
[0.9978495836257935, 0.00215042638592422]
0
[0.9973211884498596, 0.002678781980648637]
0
[0.9100958108901978, 0.08990421891212463]
0
[0.9103515148162842, 0.08964844048023224]
0
[0.9515172839164734, 0.04848266765475273]
0
[0.7557826638221741, 0.24421732127666473]
0
[0.9937554597854614, 0.0062444861978292465]
0
[0.7674202919006348, 0.2325797826051712]
0
[0.7869842052459717, 0.21301575005054474]
0
[0.5232601761817932, 0.4767397940158844]
0
[0.5833426713943481, 0.41665735840797424]
0
[0.584009051322937, 0.415990948677063]
0
[0.999079704284668, 0.0009202877408824861]
0
[0.934090793132782, 0.0659092590212822]
0
[0.962074339389801, 0.037925660610198975]
0
[0.7402864098548889, 0.2597135901451111]
0
[0.7590395212173462, 0.2409604787826538]
0
[0.998950183391571, 0.0010498401243239641]
0
[0.9980735778808594, 0.001926375087350607]
0
[0.9953867793083191, 0.004613291006535292]
0
[0.9953839182853699, 0.004616021644324064]
0
[0.5095959901809692, 0.49040406942367554]
0
[0.8203175067901611, 0.17968249320983887]
0
[0.8366908431053162, 0.16330912709236145]
0
[0.8380483388900757, 0.1619517058134079]
0
[0.9921252131462097, 0.007874772883951664]
0
[0.9394041895866394, 0.06059584394097328]
0
[0.5066923499107361, 0.49330759048461914]
0
[0.9981892704963684, 0.0018106676870957017]
0
[0.998808741569519, 0.0011913158232346177]
0
[0.9544748067855835, 0.04552515223622322]
0
[0.998418927192688, 0.0015811093617230654]
0
[0.7615583539009094, 0.23844167590141296]
0
[0.9952837824821472, 0.004716229159384966]
0
[0.9325532913208008, 0.06744665652513504]
0
[0.8725511431694031, 0.12744882702827454]
0
[0.9974580407142639, 0.0025419280864298344]
0
[0.9962651133537292, 0.003734946483746171]
0
[0.9957102537155151, 0.004289780277758837]
0
[0.9989990592002869, 0.0010009773541241884]
0
[0.9985756874084473, 0.0014243019977584481]
0
[0.5079783797264099, 0.4920216202735901]
0
[0.9714808464050293, 0.028519125655293465]
0
[0.9951842427253723, 0.004815816413611174]
0
[0.9996335506439209, 0.00036638215533457696]
0
[0.5074974894523621, 0.49250248074531555]
0
[0.9940745234489441, 0.005925499368458986]
0
[0.9994220733642578, 0.0005779736093245447]
0
[0.9523847699165344, 0.04761524125933647]
0
[0.9893407225608826, 0.010659282095730305]
0
[0.9388129115104675, 0.06118709221482277]
0
[0.9934050440788269, 0.006594974081963301]
0
[0.7575552463531494, 0.24244476854801178]
0
[0.9983162879943848, 0.001683780807070434]
0
[0.9544714689254761, 0.045528512448072433]
0
[0.9434027671813965, 0.056597255170345306]
0
[0.9868921637535095, 0.013107860460877419]
0
[0.5097196102142334, 0.49028030037879944]
0
[0.9938158988952637, 0.006184180732816458]
0
[0.9435712695121765, 0.05642873793840408]
0
[0.8902868032455444, 0.10971317440271378]
0
[0.9988816380500793, 0.0011184063041582704]
0
[0.9857355952262878, 0.014264355413615704]
0
[0.9283455014228821, 0.07165443152189255]
0
[0.9363178014755249, 0.0636821910738945]
0
[0.999302864074707, 0.0006970903486944735]
0
[0.9285659193992615, 0.07143406569957733]
0
[0.5034330487251282, 0.4965670108795166]
0
[0.9981429576873779, 0.0018570325337350368]
0
[0.9558725953102112, 0.044127363711595535]
0
[0.6417587995529175, 0.35824111104011536]
0
[0.9987481832504272, 0.0012517512077465653]
0
[0.9841662645339966, 0.015833690762519836]
0
[0.9932500123977661, 0.006750006694346666]
0
[0.636009693145752, 0.36399033665657043]
0
[0.9605317115783691, 0.039468225091695786]
0
[0.907325804233551, 0.09267425537109375]
0
[0.9244436621665955, 0.07555638253688812]
0
[0.5070331692695618, 0.49296683073043823]
0
[0.5216318964958191, 0.47836804389953613]
0
[0.9370342493057251, 0.06296572834253311]
0
[0.9359641075134277, 0.06403589993715286]
0
[0.9811422228813171, 0.018857818096876144]
0
[0.5121932029724121, 0.4878067374229431]
0
[0.9522448778152466, 0.04775512218475342]
0
[0.9724766612052917, 0.027523281052708626]
0
[0.9832809567451477, 0.016719011589884758]
0
[0.48704594373703003, 0.5129539966583252]
1
[0.940464973449707, 0.05953504890203476]
0
[0.9798980355262756, 0.02010195329785347]
0
[0.9871655702590942, 0.012834468856453896]
0
[0.9381020665168762, 0.06189792603254318]
0
[0.852737307548523, 0.14726270735263824]
0
[0.9368935823440552, 0.06310635805130005]
0
[0.8982167840003967, 0.10178325325250626]
0
[0.8510281443595886, 0.14897187054157257]
0
[0.996192216873169, 0.0038077193312346935]
0
[0.9974421262741089, 0.0025578641798347235]
0
[0.5099846124649048, 0.4900154769420624]
0
[0.9864696264266968, 0.01353037916123867]
0
[0.792739987373352, 0.20725996792316437]
0
[0.8620858192443848, 0.13791415095329285]
0
[0.9979623556137085, 0.0020376513712108135]
0
[0.9075537919998169, 0.09244619309902191]
0
[0.9555222392082214, 0.04447780176997185]
0
[0.6042710542678833, 0.3957289457321167]
0
[0.9983857870101929, 0.0016141781816259027]
0
[0.9615217447280884, 0.0384783037006855]
0
[0.9954402446746826, 0.004559702705591917]
0
[0.5036484599113464, 0.4963515102863312]
0
[0.9897271990776062, 0.010272795334458351]
0
[0.9969246983528137, 0.003075279062613845]
0
[0.5041703581809998, 0.495829701423645]
0
[0.99934321641922, 0.000656808027997613]
0
[0.9106314182281494, 0.08936861157417297]
0
[0.9849423170089722, 0.015057642012834549]
0
[0.8163078427314758, 0.18369218707084656]
0
[0.985750675201416, 0.01424936018884182]
0
[0.9722274541854858, 0.027772514149546623]
0
[0.9403352737426758, 0.05966472998261452]
0
[0.9978067278862, 0.002193333115428686]
0
[0.9234460592269897, 0.07655395567417145]
0
[0.505706787109375, 0.494293212890625]
0
[0.9895732998847961, 0.010426703840494156]
0
[0.9983839988708496, 0.0016160019440576434]
0
[0.9949542880058289, 0.005045645870268345]
0
[0.9974337220191956, 0.002566291717812419]
0
[0.8181473612785339, 0.18185260891914368]
0
[0.9421803951263428, 0.057819582521915436]
0
[0.9226681590080261, 0.07733189314603806]
0
[0.5069776773452759, 0.49302226305007935]
0
[0.7641696333885193, 0.23583033680915833]
0
[0.5075231194496155, 0.4924768805503845]
0
[0.5072041153907776, 0.4927959144115448]
0
[0.9243440628051758, 0.07565595954656601]
0
[0.5083669424057007, 0.49163302779197693]
0
[0.9848353862762451, 0.015164660289883614]
0
[0.999036431312561, 0.0009636291651986539]
0
[0.7716453671455383, 0.2283545583486557]
0
[0.9950827360153198, 0.004917314276099205]
0
[0.8591805100440979, 0.1408195197582245]
0
[0.9731893539428711, 0.02681063674390316]
0
[0.7482036352157593, 0.25179633498191833]
0
[0.9763656854629517, 0.02363426983356476]
0
[0.9846169948577881, 0.01538299024105072]
0
[0.7574346661567688, 0.2425653338432312]
0
[0.8957818150520325, 0.10421813279390335]
0
[0.7723517417907715, 0.2276482880115509]
0
[0.811571478843689, 0.18842852115631104]
0
[0.5067392587661743, 0.49326077103614807]
0
[0.807390570640564, 0.19260945916175842]
0
[0.9966253042221069, 0.003374655032530427]
0
[0.9065413475036621, 0.09345857799053192]
0
[0.6888662576675415, 0.3111337423324585]
0
[0.5033396482467651, 0.49666041135787964]
0
[0.48595738410949707, 0.5140426158905029]
1
[0.5072875618934631, 0.4927123486995697]
0
[0.942607045173645, 0.05739298090338707]
0
[0.9810348153114319, 0.018965236842632294]
0
[0.6824381947517395, 0.3175617754459381]
0
[0.98064124584198, 0.01935875415802002]
0
[0.5335451364517212, 0.4664548635482788]
0
[0.9034716486930847, 0.0965283066034317]
0
[0.9892288446426392, 0.010771218687295914]
0
[0.7672612071037292, 0.23273876309394836]
0
[0.7440122961997986, 0.2559877038002014]
0
[0.5076494216918945, 0.4923505485057831]
0
[0.9539133310317993, 0.04608661308884621]
0
[0.8223552107810974, 0.1776447743177414]
0
[0.9981712102890015, 0.0018287382554262877]
0
[0.9946857690811157, 0.005314160604029894]
0
[0.7576678991317749, 0.24233213067054749]
0
[0.5081501007080078, 0.49184995889663696]
0
[0.9979571104049683, 0.0020429387222975492]
0
[0.7944398522377014, 0.20556019246578217]
0
[0.5028697848320007, 0.49713024497032166]
0
[0.5088641047477722, 0.49113595485687256]
0
[0.5049386024475098, 0.49506136775016785]
0
[0.9987015724182129, 0.001298451330512762]
0
[0.5084447264671326, 0.49155521392822266]
0
[0.7664619088172913, 0.23353815078735352]
0
[0.5021865367889404, 0.4978134334087372]
0
[0.9804959893226624, 0.019504046067595482]
0
[0.9983898401260376, 0.0016102386871352792]
0
[0.5077767968177795, 0.49222317337989807]
0
[0.9929168224334717, 0.0070831794291734695]
0
[0.9525896310806274, 0.04741042107343674]
0
[0.8959059119224548, 0.10409411787986755]
0
[0.9490578770637512, 0.050942059606313705]
0
[0.758953332901001, 0.24104668200016022]
0
[0.9312754273414612, 0.06872451305389404]
0
[0.5078858733177185, 0.4921140670776367]
0
[0.9980905652046204, 0.001909381477162242]
0
[0.9629873633384705, 0.037012625485658646]
0
[0.5049279928207397, 0.49507203698158264]
0
[0.7866407632827759, 0.21335925161838531]
0
[0.9511074423789978, 0.048892486840486526]
0
[0.8993716835975647, 0.1006283313035965]
0
[0.9488672614097595, 0.05113275721669197]
0
[0.9284278154373169, 0.07157214730978012]
0
[0.9997072815895081, 0.0002926607266999781]
0
[0.8455310463905334, 0.15446899831295013]
0
[0.5066229701042175, 0.49337702989578247]
0
[0.9989714622497559, 0.001028603408485651]
0
[0.9959093332290649, 0.004090646747499704]
0
[0.8485080003738403, 0.15149199962615967]
0
[0.937028706073761, 0.0629713162779808]
0
[0.9974861145019531, 0.002513812854886055]
0
[0.9978400468826294, 0.0021598695311695337]
0
[0.22511790692806244, 0.7748821377754211]
1
[0.9951223731040955, 0.004877627361565828]
0
[0.9787487387657166, 0.021251199766993523]
0
[0.7942442297935486, 0.20575577020645142]
0
[0.8421713709831238, 0.1578286588191986]
0
[0.9890308976173401, 0.010969070717692375]
0
[0.5061264038085938, 0.49387362599372864]
0
[0.9784805774688721, 0.02151937410235405]
0
[0.9882218241691589, 0.011778159067034721]
0
[0.7343592643737793, 0.2656406760215759]
0
[0.5344619750976562, 0.46553802490234375]
0
[0.9142057299613953, 0.08579431474208832]
0
[0.901603102684021, 0.0983969196677208]
0
[0.9871001243591309, 0.012899824418127537]
0
[0.9728779196739197, 0.027122007682919502]
0
[0.9904167652130127, 0.00958321150392294]
0
[0.9923120141029358, 0.007687967736274004]
0
[0.9939417839050293, 0.006058260332792997]
0
[0.9992008805274963, 0.0007990808808244765]
0
[0.5051314234733582, 0.494868665933609]
0
[0.9916903972625732, 0.008309567347168922]
0
[0.9558143615722656, 0.04418569058179855]
0
[0.9891491532325745, 0.01085089985281229]
0
[0.9890885353088379, 0.010911489836871624]
0
[0.9990505576133728, 0.0009493857505731285]
0
[0.9881485104560852, 0.011851540766656399]
0
[0.9571635127067566, 0.042836472392082214]
0
[0.7758689522743225, 0.22413112223148346]
0
[0.5099908113479614, 0.49000921845436096]
0
[0.7425016164779663, 0.2574983835220337]
0
[0.9938462376594543, 0.0061537413857877254]
0
[0.9333388805389404, 0.06666111201047897]
0
[0.7862430810928345, 0.21375690400600433]
0
[0.8419378399848938, 0.1580621749162674]
0
[0.5083436369895935, 0.49165645241737366]
0
[0.8246415853500366, 0.17535844445228577]
0
[0.9599253535270691, 0.04007461667060852]
0
[0.7967480421066284, 0.203251913189888]
0
[0.05211279168725014, 0.9478871822357178]
1
[0.22906917333602905, 0.770930826663971]
1
[0.4082839787006378, 0.591715931892395]
1
[0.03671443462371826, 0.9632856249809265]
1
[0.16705478727817535, 0.8329452276229858]
1
[0.09004748612642288, 0.9099524617195129]
1
[0.23301653563976288, 0.7669835090637207]
1
[0.05144506320357323, 0.9485549330711365]
1
[0.18094265460968018, 0.8190574049949646]
1
[0.11163926869630814, 0.8883606791496277]
1
[0.049098193645477295, 0.9509017467498779]
1
[0.04705626517534256, 0.9529436826705933]
1
[0.2172049731016159, 0.7827950119972229]
1
[0.25124144554138184, 0.7487584948539734]
1
[0.23803187906742096, 0.7619681358337402]
1
[0.2849861681461334, 0.7150138020515442]
1
[0.2608985900878906, 0.7391014099121094]
1
[0.32622605562210083, 0.6737739443778992]
1
[0.03476494923233986, 0.9652350544929504]
1
[0.11504682898521423, 0.8849531412124634]
1
[0.3153991401195526, 0.6846007704734802]
1
[0.06141551956534386, 0.9385844469070435]
1
[0.07344510406255722, 0.9265548586845398]
1
[0.05485483631491661, 0.9451451897621155]
1
[0.2586761713027954, 0.7413237690925598]
1
[0.2658059597015381, 0.7341940999031067]
1
[0.0070175486616790295, 0.9929825067520142]
1
[0.04508044198155403, 0.9549195170402527]
1
[0.04694899544119835, 0.953050971031189]
1
[0.22952944040298462, 0.7704706192016602]
1
[0.1943269670009613, 0.8056730628013611]
1
[0.2279496192932129, 0.7720504403114319]
1
[0.025156572461128235, 0.974843442440033]
1
[0.01218542829155922, 0.9878145456314087]
1
[0.022218745201826096, 0.9777812361717224]
1
[0.12112921476364136, 0.8788707852363586]
1
[0.805695116519928, 0.1943049430847168]
0
[0.2375466376543045, 0.7624533772468567]
1
[0.4524451792240143, 0.5475547909736633]
1
[0.2533387839794159, 0.7466611862182617]
1
[0.054791901260614395, 0.9452080726623535]
1
[0.2373625636100769, 0.7626373767852783]
1
[0.020360272377729416, 0.9796397089958191]
1
[0.03265310078859329, 0.9673469066619873]
1
[0.1589607298374176, 0.84103924036026]
1
[0.1377529352903366, 0.862247109413147]
1
[0.014618114568293095, 0.9853818416595459]
1
[0.005435082130134106, 0.9945648908615112]
1
[0.04154331609606743, 0.9584566354751587]
1
[0.26210489869117737, 0.7378950715065002]
1
[0.0470116063952446, 0.9529883861541748]
1
[0.1711089313030243, 0.8288910388946533]
1
[0.2659454941749573, 0.7340545654296875]
1
[0.2658938765525818, 0.7341060638427734]
1
[0.23696599900722504, 0.7630339860916138]
1
[0.2663637399673462, 0.7336362600326538]
1
[0.2610962390899658, 0.738903820514679]
1
[0.018061945214867592, 0.9819380044937134]
1
[0.07216406613588333, 0.9278358817100525]
1
[0.7520754933357239, 0.24792444705963135]
0
[0.21938320994377136, 0.780616819858551]
1
[0.12835794687271118, 0.8716420531272888]
1
[0.029370959848165512, 0.9706290364265442]
1
[0.007976222783327103, 0.9920238256454468]
1
[0.2605227828025818, 0.7394772171974182]
1
[0.058862026780843735, 0.9411379098892212]
1
[0.049750011414289474, 0.950249969959259]
1
[0.2666993737220764, 0.7333006262779236]
1
[0.031762704253196716, 0.9682372212409973]
1
[0.2193363606929779, 0.7806635499000549]
1
[0.22399544715881348, 0.7760046124458313]
1
[0.02377077005803585, 0.9762292504310608]
1
[0.013822500593960285, 0.9861774444580078]
1
[0.2173580378293991, 0.7826418876647949]
1
[0.22584663331508636, 0.7741533517837524]
1
[0.3531664311885834, 0.646833598613739]
1
[0.27908968925476074, 0.7209103107452393]
1
[0.05424146354198456, 0.945758581161499]
1
[0.2466031312942505, 0.7533968091011047]
1
[0.09285236150026321, 0.9071475863456726]
1
[0.008369934745132923, 0.9916300177574158]
1
[0.08614910393953323, 0.9138508439064026]
1
[0.18779407441616058, 0.8122059106826782]
1
[0.010756269097328186, 0.989243745803833]
1
[0.02303754910826683, 0.9769624471664429]
1
[0.05955944210290909, 0.9404405951499939]
1
[0.1578015238046646, 0.8421984314918518]
1
[0.07684315741062164, 0.9231568574905396]
1
[0.02040616050362587, 0.9795938730239868]
1
[0.007997268810868263, 0.9920027256011963]
1
[0.05362224951386452, 0.9463777542114258]
1
[0.06361500918865204, 0.9363850355148315]
1
[0.05763256549835205, 0.942367434501648]
1
[0.2730470597743988, 0.7269529104232788]
1
[0.06093679741024971, 0.9390631318092346]
1
[0.06944780051708221, 0.9305521845817566]
1
[0.22906161844730377, 0.7709383368492126]
1
[0.012125206179916859, 0.9878748059272766]
1
[0.022337540984153748, 0.9776625037193298]
1
[0.2191508412361145, 0.7808491587638855]
1
[0.11628547310829163, 0.883714497089386]
1
[0.034302789717912674, 0.9656972289085388]
1
[0.22845815122127533, 0.7715418338775635]
1
[0.018911268562078476, 0.9810887575149536]
1
[0.27444419264793396, 0.7255558371543884]
1
[0.007678827736526728, 0.9923211932182312]
1
[0.23497717082500458, 0.765022873878479]
1
[0.44284680485725403, 0.5571532249450684]
1
[0.15114779770374298, 0.8488522171974182]
1
[0.248402938246727, 0.7515970468521118]
1
[0.24611328542232513, 0.7538867592811584]
1
[0.23973681032657623, 0.760263204574585]
1
[0.21755719184875488, 0.7824427485466003]
1
[0.10250768810510635, 0.8974923491477966]
1
[0.06256319582462311, 0.9374367594718933]
1
[0.11953672766685486, 0.8804633021354675]
1
[0.3914220929145813, 0.6085779666900635]
1
[0.1056966781616211, 0.8943033218383789]
1
[0.058769430965185165, 0.9412305355072021]
1
[0.34637388586997986, 0.653626024723053]
1
[0.032706357538700104, 0.9672936201095581]
1
[0.2588902711868286, 0.7411097288131714]
1
[0.2821315824985504, 0.717868447303772]
1
[0.5740373730659485, 0.4259626269340515]
0
[0.24785467982292175, 0.7521453499794006]
1
[0.23247048258781433, 0.7675295472145081]
1
[0.2713327705860138, 0.7286671996116638]
1
[0.6691000461578369, 0.3308999240398407]
0
[0.23822513222694397, 0.7617748975753784]
1
[0.030231699347496033, 0.9697682857513428]
1
[0.22330604493618011, 0.7766939997673035]
1
[0.283372163772583, 0.7166278958320618]
1
[0.14860230684280396, 0.851397693157196]
1
[0.22660057246685028, 0.7733994126319885]
1
[0.269443154335022, 0.730556845664978]
1
[0.12519526481628418, 0.8748047947883606]
1
[0.24794000387191772, 0.7520599961280823]
1
[0.25024935603141785, 0.7497506141662598]
1
[0.041274502873420715, 0.9587254524230957]
1
[0.27039626240730286, 0.72960364818573]
1
[0.21914279460906982, 0.780857264995575]
1
[0.093625009059906, 0.9063750505447388]
1
[0.06959958374500275, 0.9304003715515137]
1
[0.2654218375682831, 0.7345781922340393]
1
[0.08427148312330246, 0.9157285094261169]
1
[0.28326892852783203, 0.7167311310768127]
1
[0.2267167717218399, 0.7732831835746765]
1
[0.26899200677871704, 0.7310079336166382]
1
[0.27936023473739624, 0.7206397652626038]
1
[0.22877269983291626, 0.771227240562439]
1
[0.10718006640672684, 0.8928200006484985]
1
[0.23863203823566437, 0.761367917060852]
1
[0.6906192302703857, 0.30938076972961426]
0
[0.1166452020406723, 0.8833547830581665]
1
[0.01832452416419983, 0.9816754460334778]
1
[0.04196656122803688, 0.9580334424972534]
1
[0.019479215145111084, 0.9805207252502441]
1
[0.14000456035137177, 0.859995424747467]
1
[0.12993739545345306, 0.8700626492500305]
1
[0.22882980108261108, 0.7711702585220337]
1
[0.2288784235715866, 0.771121621131897]
1
[0.031130509451031685, 0.9688695073127747]
1
[0.49573180079460144, 0.5042681694030762]
1
[0.27631381154060364, 0.723686158657074]
1
[0.005886775907129049, 0.9941132664680481]
1
[0.12132035940885544, 0.878679633140564]
1
[0.2937678098678589, 0.7062322497367859]
1
[0.38080033659935, 0.6191996932029724]
1
[0.27111849188804626, 0.7288814783096313]
1
[0.24006062746047974, 0.759939432144165]
1
[0.02063671126961708, 0.9793633222579956]
1
[0.8147733211517334, 0.1852266490459442]
0
[0.06181998923420906, 0.9381800293922424]
1
[0.07649935036897659, 0.923500657081604]
1
[0.014347302727401257, 0.9856526851654053]
1
[0.42685315012931824, 0.5731468200683594]
1
[0.3129851222038269, 0.6870148777961731]
1
[0.1786588430404663, 0.8213411569595337]
1
[0.26364001631736755, 0.7363599538803101]
1
[0.277521550655365, 0.722478449344635]
1
[0.23705266416072845, 0.7629473209381104]
1
[0.09669015556573868, 0.9033098816871643]
1
[0.02123212441802025, 0.9787678122520447]
1
[0.015781627967953682, 0.9842183589935303]
1
[0.09356297552585602, 0.9064370393753052]
1
[0.03488544002175331, 0.9651145935058594]
1
[0.23312251269817352, 0.7668775320053101]
1
[0.1667652577161789, 0.8332347273826599]
1
[0.29624295234680176, 0.7037570476531982]
1
[0.2327808290719986, 0.7672191858291626]
1
[0.03735464811325073, 0.9626453518867493]
1
[0.04287212714552879, 0.9571278095245361]
1
[0.044674184173345566, 0.9553257822990417]
1
[0.01690511591732502, 0.9830948710441589]
1
[0.22955088317394257, 0.7704491019248962]
1
[0.1899300515651703, 0.8100699186325073]
1
[0.04380548372864723, 0.9561944603919983]
1
[0.264768123626709, 0.7352319359779358]
1
[0.23607535660266876, 0.7639246582984924]
1
[0.22094805538654327, 0.7790518999099731]
1
[0.27676528692245483, 0.7232346534729004]
1
[0.22342799603939056, 0.776572048664093]
1
[0.2557995915412903, 0.7442004680633545]
1
[0.2552502155303955, 0.7447498440742493]
1
[0.046977490186691284, 0.9530224800109863]
1
[0.24236677587032318, 0.7576332688331604]
1
[0.03764994814991951, 0.9623500108718872]
1
[0.24364815652370453, 0.756351888179779]
1
[0.08690018206834793, 0.9130998253822327]
1
[0.16130505502223969, 0.8386949300765991]
1
[0.06150361895561218, 0.9384963512420654]
1
[0.02785269170999527, 0.9721473455429077]
1
[0.07685241103172302, 0.9231476187705994]
1
[0.07355353236198425, 0.9264464974403381]
1
[0.2647944986820221, 0.7352054715156555]
1
[0.26007959246635437, 0.739920437335968]
1
[0.27238166332244873, 0.7276182770729065]
1
[0.24786321818828583, 0.7521367073059082]
1
[0.1244819313287735, 0.8755180239677429]
1
[0.1267397254705429, 0.8732602596282959]
1
[0.050238918513059616, 0.9497610926628113]
1
[0.031489141285419464, 0.9685109257698059]
1
[0.15740026533603668, 0.8425997495651245]
1
[0.18584777414798737, 0.8141522407531738]
1
[0.27279937267303467, 0.7272006273269653]
1
[0.023072613403201103, 0.9769273996353149]
1
[0.26901665329933167, 0.730983316898346]
1
[0.05373416841030121, 0.9462658762931824]
1
[0.17539899051189423, 0.8246009945869446]
1
[0.2272414267063141, 0.7727585434913635]
1
[0.04592808336019516, 0.9540719389915466]
1
[0.2279062122106552, 0.7720938324928284]
1
[0.2276415228843689, 0.7723584175109863]
1
[0.3893376290798187, 0.6106624007225037]
1
[0.1489780992269516, 0.8510218858718872]
1
[0.20052079856395721, 0.7994792461395264]
1
[0.026582125574350357, 0.9734179377555847]
1
[0.23074723780155182, 0.7692527770996094]
1
[0.01362427044659853, 0.9863757491111755]
1
[0.09506591409444809, 0.9049341082572937]
1
[0.07747823745012283, 0.9225218296051025]
1
[0.07718954235315323, 0.922810435295105]
1
[0.07424460351467133, 0.9257553219795227]
1
[0.15169522166252136, 0.848304808139801]
1
[0.006920066196471453, 0.9930799603462219]
1
[0.14269709587097168, 0.8573029041290283]
1
[0.3163352608680725, 0.6836647391319275]
1
[0.03748250752687454, 0.9625175595283508]
1
[0.13416865468025208, 0.8658313751220703]
1
[0.8914610147476196, 0.10853901505470276]
0
